2025-07-10 08:43:54,901 [INFO] Resuming from zip index 0
2025-07-10 08:43:54,903 [INFO] ====== WebDriver manager ======
2025-07-10 08:43:54,903 [INFO] ====== WebDriver manager ======
2025-07-10 08:43:54,904 [INFO] ====== WebDriver manager ======
2025-07-10 08:43:54,904 [INFO] ====== WebDriver manager ======
2025-07-10 08:43:54,905 [INFO] ====== WebDriver manager ======
2025-07-10 08:43:54,905 [INFO] ====== WebDriver manager ======
2025-07-10 08:43:54,905 [INFO] ====== WebDriver manager ======
2025-07-10 08:43:54,906 [INFO] ====== WebDriver manager ======
2025-07-10 08:43:54,907 [INFO] ====== WebDriver manager ======
2025-07-10 08:43:54,908 [INFO] ====== WebDriver manager ======
2025-07-10 08:43:57,509 [INFO] Get LATEST chromedriver version for google-chrome
2025-07-10 08:43:57,515 [INFO] Get LATEST chromedriver version for google-chrome
2025-07-10 08:43:57,521 [INFO] Get LATEST chromedriver version for google-chrome
2025-07-10 08:43:57,530 [INFO] Get LATEST chromedriver version for google-chrome
2025-07-10 08:43:57,534 [INFO] Get LATEST chromedriver version for google-chrome
2025-07-10 08:43:57,538 [INFO] Get LATEST chromedriver version for google-chrome
2025-07-10 08:43:57,538 [INFO] Get LATEST chromedriver version for google-chrome
2025-07-10 08:43:57,560 [INFO] Get LATEST chromedriver version for google-chrome
2025-07-10 08:43:57,561 [INFO] Get LATEST chromedriver version for google-chrome
2025-07-10 08:43:57,588 [INFO] Get LATEST chromedriver version for google-chrome
2025-07-10 08:43:57,686 [INFO] Get LATEST chromedriver version for google-chrome
2025-07-10 08:43:57,687 [INFO] Get LATEST chromedriver version for google-chrome
2025-07-10 08:43:57,689 [INFO] Get LATEST chromedriver version for google-chrome
2025-07-10 08:43:57,691 [INFO] Get LATEST chromedriver version for google-chrome
2025-07-10 08:43:57,698 [INFO] Get LATEST chromedriver version for google-chrome
2025-07-10 08:43:57,701 [INFO] Get LATEST chromedriver version for google-chrome
2025-07-10 08:43:57,706 [INFO] Get LATEST chromedriver version for google-chrome
2025-07-10 08:43:57,710 [INFO] Get LATEST chromedriver version for google-chrome
2025-07-10 08:43:57,718 [INFO] Get LATEST chromedriver version for google-chrome
2025-07-10 08:43:57,719 [INFO] Get LATEST chromedriver version for google-chrome
2025-07-10 08:43:57,802 [INFO] Driver [C:\Users\cuongdq\.wdm\drivers\chromedriver\win64\137.0.7151.119\chromedriver-win32/chromedriver.exe] found in cache
2025-07-10 08:43:57,803 [INFO] Driver [C:\Users\cuongdq\.wdm\drivers\chromedriver\win64\137.0.7151.119\chromedriver-win32/chromedriver.exe] found in cache
2025-07-10 08:43:57,807 [INFO] Driver [C:\Users\cuongdq\.wdm\drivers\chromedriver\win64\137.0.7151.119\chromedriver-win32/chromedriver.exe] found in cache
2025-07-10 08:43:57,808 [INFO] Driver [C:\Users\cuongdq\.wdm\drivers\chromedriver\win64\137.0.7151.119\chromedriver-win32/chromedriver.exe] found in cache
2025-07-10 08:43:57,813 [INFO] Driver [C:\Users\cuongdq\.wdm\drivers\chromedriver\win64\137.0.7151.119\chromedriver-win32/chromedriver.exe] found in cache
2025-07-10 08:43:57,834 [INFO] Driver [C:\Users\cuongdq\.wdm\drivers\chromedriver\win64\137.0.7151.119\chromedriver-win32/chromedriver.exe] found in cache
2025-07-10 08:43:57,852 [INFO] Driver [C:\Users\cuongdq\.wdm\drivers\chromedriver\win64\137.0.7151.119\chromedriver-win32/chromedriver.exe] found in cache
2025-07-10 08:43:57,872 [INFO] Driver [C:\Users\cuongdq\.wdm\drivers\chromedriver\win64\137.0.7151.119\chromedriver-win32/chromedriver.exe] found in cache
2025-07-10 08:43:57,891 [INFO] Driver [C:\Users\cuongdq\.wdm\drivers\chromedriver\win64\137.0.7151.119\chromedriver-win32/chromedriver.exe] found in cache
2025-07-10 08:43:57,894 [INFO] Driver [C:\Users\cuongdq\.wdm\drivers\chromedriver\win64\137.0.7151.119\chromedriver-win32/chromedriver.exe] found in cache
2025-07-10 08:44:00,636 [INFO] Starting crawl for country: can, zip: M5H 2N2
2025-07-10 08:44:00,719 [INFO] Starting crawl for country: can, zip: T2P 1J9
2025-07-10 08:44:00,753 [INFO] Starting crawl for country: can, zip: B3J 3C8
2025-07-10 08:44:00,888 [INFO] Starting crawl for country: can, zip: G1R 5P9
2025-07-10 08:44:01,212 [INFO] Starting crawl for country: can, zip: T5J 2N2
2025-07-10 08:44:01,500 [INFO] Starting crawl for country: can, zip: R3C 4T3
2025-07-10 08:44:01,564 [INFO] Starting crawl for country: can, zip: K1A 0B1
2025-07-10 08:44:02,004 [INFO] Starting crawl for country: can, zip: V6B 1L6
2025-07-10 08:44:02,011 [INFO] Starting crawl for country: can, zip: S7K 3J8
2025-07-10 08:44:02,423 [INFO] Starting crawl for country: can, zip: H3A 1A2
2025-07-10 08:44:38,041 [INFO] ====== WebDriver manager ======
2025-07-10 08:44:38,042 [INFO] ====== WebDriver manager ======
2025-07-10 08:44:39,258 [INFO] Get LATEST chromedriver version for google-chrome
2025-07-10 08:44:39,473 [INFO] About to download new driver from https://chromedriver.storage.googleapis.com/114.0.5735.90/chromedriver_win32.zip
2025-07-10 08:44:39,586 [INFO] Driver downloading response is 200
2025-07-10 08:44:39,736 [INFO] Get LATEST chromedriver version for google-chrome
2025-07-10 08:44:39,846 [INFO] About to download new driver from https://chromedriver.storage.googleapis.com/114.0.5735.90/chromedriver_win32.zip
2025-07-10 08:44:40,003 [INFO] Driver downloading response is 200
2025-07-10 08:44:41,983 [INFO] Get LATEST chromedriver version for google-chrome
2025-07-10 08:44:42,495 [WARNING] Retrying (Retry(total=2, connect=None, read=None, redirect=None, status=None)) after connection broken by 'NewConnectionError('<urllib3.connection.HTTPConnection object at 0x0000023A97FCEAD0>: Failed to establish a new connection: [WinError 10061] No connection could be made because the target machine actively refused it')': /session/62898dde356dd4e597a1fef1a87739a4/element
2025-07-10 08:44:42,657 [INFO] Get LATEST chromedriver version for google-chrome
2025-07-10 08:44:42,774 [INFO] Driver has been saved in cache [C:\Users\cuongdq\.wdm\drivers\chromedriver\win64\114.0.5735.90]
2025-07-10 08:44:42,944 [INFO] Get LATEST chromedriver version for google-chrome
2025-07-10 08:44:43,209 [INFO] Get LATEST chromedriver version for google-chrome
2025-07-10 08:44:43,297 [WARNING] Retrying (Retry(total=2, connect=None, read=None, redirect=None, status=None)) after connection broken by 'NewConnectionError('<urllib3.connection.HTTPConnection object at 0x0000023A97FD4EC0>: Failed to establish a new connection: [WinError 10061] No connection could be made because the target machine actively refused it')': /session/d4c4b7de9a4354bf112a639ac39bdd70/url
2025-07-10 08:44:43,340 [INFO] Driver has been saved in cache [C:\Users\cuongdq\.wdm\drivers\chromedriver\win64\137.0.7151.119]
2025-07-10 08:44:43,494 [WARNING] Retrying (Retry(total=2, connect=None, read=None, redirect=None, status=None)) after connection broken by 'NewConnectionError('<urllib3.connection.HTTPConnection object at 0x0000023A97F9F820>: Failed to establish a new connection: [WinError 10061] No connection could be made because the target machine actively refused it')': /session/556c62f5dff2f8e5874b2f8fccb738b3/element
2025-07-10 08:44:44,862 [WARNING] Retrying (Retry(total=2, connect=None, read=None, redirect=None, status=None)) after connection broken by 'NewConnectionError('<urllib3.connection.HTTPConnection object at 0x0000023A97F9EC40>: Failed to establish a new connection: [WinError 10061] No connection could be made because the target machine actively refused it')': /session/afc790952c6e8a6c168237e8aba6d772/element
2025-07-10 08:44:46,577 [WARNING] Retrying (Retry(total=1, connect=None, read=None, redirect=None, status=None)) after connection broken by 'NewConnectionError('<urllib3.connection.HTTPConnection object at 0x0000023A97F99D50>: Failed to establish a new connection: [WinError 10061] No connection could be made because the target machine actively refused it')': /session/62898dde356dd4e597a1fef1a87739a4/element
2025-07-10 08:44:47,362 [WARNING] Retrying (Retry(total=1, connect=None, read=None, redirect=None, status=None)) after connection broken by 'NewConnectionError('<urllib3.connection.HTTPConnection object at 0x0000023A97F9A050>: Failed to establish a new connection: [WinError 10061] No connection could be made because the target machine actively refused it')': /session/d4c4b7de9a4354bf112a639ac39bdd70/url
2025-07-10 08:44:47,578 [WARNING] Retrying (Retry(total=1, connect=None, read=None, redirect=None, status=None)) after connection broken by 'NewConnectionError('<urllib3.connection.HTTPConnection object at 0x0000023A98048050>: Failed to establish a new connection: [WinError 10061] No connection could be made because the target machine actively refused it')': /session/556c62f5dff2f8e5874b2f8fccb738b3/element
2025-07-10 08:44:48,944 [WARNING] Retrying (Retry(total=1, connect=None, read=None, redirect=None, status=None)) after connection broken by 'NewConnectionError('<urllib3.connection.HTTPConnection object at 0x0000023A98048350>: Failed to establish a new connection: [WinError 10061] No connection could be made because the target machine actively refused it')': /session/afc790952c6e8a6c168237e8aba6d772/element
2025-07-10 08:44:50,641 [WARNING] Retrying (Retry(total=0, connect=None, read=None, redirect=None, status=None)) after connection broken by 'NewConnectionError('<urllib3.connection.HTTPConnection object at 0x0000023A98048850>: Failed to establish a new connection: [WinError 10061] No connection could be made because the target machine actively refused it')': /session/62898dde356dd4e597a1fef1a87739a4/element
2025-07-10 08:44:51,459 [WARNING] Retrying (Retry(total=0, connect=None, read=None, redirect=None, status=None)) after connection broken by 'NewConnectionError('<urllib3.connection.HTTPConnection object at 0x0000023A98048B50>: Failed to establish a new connection: [WinError 10061] No connection could be made because the target machine actively refused it')': /session/d4c4b7de9a4354bf112a639ac39bdd70/url
2025-07-10 08:44:51,647 [WARNING] Retrying (Retry(total=0, connect=None, read=None, redirect=None, status=None)) after connection broken by 'NewConnectionError('<urllib3.connection.HTTPConnection object at 0x0000023A98048E50>: Failed to establish a new connection: [WinError 10061] No connection could be made because the target machine actively refused it')': /session/556c62f5dff2f8e5874b2f8fccb738b3/element
2025-07-10 08:44:53,026 [WARNING] Retrying (Retry(total=0, connect=None, read=None, redirect=None, status=None)) after connection broken by 'NewConnectionError('<urllib3.connection.HTTPConnection object at 0x0000023A98049150>: Failed to establish a new connection: [WinError 10061] No connection could be made because the target machine actively refused it')': /session/afc790952c6e8a6c168237e8aba6d772/element
2025-07-10 08:44:59,767 [WARNING] Retrying (Retry(total=2, connect=None, read=None, redirect=None, status=None)) after connection broken by 'NewConnectionError('<urllib3.connection.HTTPConnection object at 0x0000023A9804A650>: Failed to establish a new connection: [WinError 10061] No connection could be made because the target machine actively refused it')': /session/556c62f5dff2f8e5874b2f8fccb738b3/element
2025-07-10 08:45:01,144 [WARNING] Retrying (Retry(total=2, connect=None, read=None, redirect=None, status=None)) after connection broken by 'NewConnectionError('<urllib3.connection.HTTPConnection object at 0x0000023A9804A950>: Failed to establish a new connection: [WinError 10061] No connection could be made because the target machine actively refused it')': /session/afc790952c6e8a6c168237e8aba6d772/element
2025-07-10 08:45:03,829 [WARNING] Retrying (Retry(total=1, connect=None, read=None, redirect=None, status=None)) after connection broken by 'NewConnectionError('<urllib3.connection.HTTPConnection object at 0x0000023A9804AC50>: Failed to establish a new connection: [WinError 10061] No connection could be made because the target machine actively refused it')': /session/556c62f5dff2f8e5874b2f8fccb738b3/element
2025-07-10 08:45:05,227 [WARNING] Retrying (Retry(total=1, connect=None, read=None, redirect=None, status=None)) after connection broken by 'NewConnectionError('<urllib3.connection.HTTPConnection object at 0x0000023A9804AF50>: Failed to establish a new connection: [WinError 10061] No connection could be made because the target machine actively refused it')': /session/afc790952c6e8a6c168237e8aba6d772/element
2025-07-10 08:45:07,895 [WARNING] Retrying (Retry(total=0, connect=None, read=None, redirect=None, status=None)) after connection broken by 'NewConnectionError('<urllib3.connection.HTTPConnection object at 0x0000023A9804B250>: Failed to establish a new connection: [WinError 10061] No connection could be made because the target machine actively refused it')': /session/556c62f5dff2f8e5874b2f8fccb738b3/element
2025-07-10 08:45:09,313 [WARNING] Retrying (Retry(total=0, connect=None, read=None, redirect=None, status=None)) after connection broken by 'NewConnectionError('<urllib3.connection.HTTPConnection object at 0x0000023A9804B550>: Failed to establish a new connection: [WinError 10061] No connection could be made because the target machine actively refused it')': /session/afc790952c6e8a6c168237e8aba6d772/element
2025-07-10 08:45:16,063 [WARNING] Retrying (Retry(total=2, connect=None, read=None, redirect=None, status=None)) after connection broken by 'NewConnectionError('<urllib3.connection.HTTPConnection object at 0x0000023A9804BE50>: Failed to establish a new connection: [WinError 10061] No connection could be made because the target machine actively refused it')': /session/556c62f5dff2f8e5874b2f8fccb738b3/element
2025-07-10 08:45:17,463 [WARNING] Retrying (Retry(total=2, connect=None, read=None, redirect=None, status=None)) after connection broken by 'NewConnectionError('<urllib3.connection.HTTPConnection object at 0x0000023A9A1FC250>: Failed to establish a new connection: [WinError 10061] No connection could be made because the target machine actively refused it')': /session/afc790952c6e8a6c168237e8aba6d772/element
2025-07-10 08:45:20,167 [WARNING] Retrying (Retry(total=1, connect=None, read=None, redirect=None, status=None)) after connection broken by 'NewConnectionError('<urllib3.connection.HTTPConnection object at 0x0000023A9A1FC550>: Failed to establish a new connection: [WinError 10061] No connection could be made because the target machine actively refused it')': /session/556c62f5dff2f8e5874b2f8fccb738b3/element
2025-07-10 08:45:21,510 [WARNING] Retrying (Retry(total=1, connect=None, read=None, redirect=None, status=None)) after connection broken by 'NewConnectionError('<urllib3.connection.HTTPConnection object at 0x0000023A9A1FC850>: Failed to establish a new connection: [WinError 10061] No connection could be made because the target machine actively refused it')': /session/afc790952c6e8a6c168237e8aba6d772/element
2025-07-10 08:45:24,247 [WARNING] Retrying (Retry(total=0, connect=None, read=None, redirect=None, status=None)) after connection broken by 'NewConnectionError('<urllib3.connection.HTTPConnection object at 0x0000023A9A1FCB50>: Failed to establish a new connection: [WinError 10061] No connection could be made because the target machine actively refused it')': /session/556c62f5dff2f8e5874b2f8fccb738b3/element
2025-07-10 08:45:25,568 [WARNING] Retrying (Retry(total=0, connect=None, read=None, redirect=None, status=None)) after connection broken by 'NewConnectionError('<urllib3.connection.HTTPConnection object at 0x0000023A9A1FCE50>: Failed to establish a new connection: [WinError 10061] No connection could be made because the target machine actively refused it')': /session/afc790952c6e8a6c168237e8aba6d772/element
2025-07-10 08:45:32,354 [WARNING] Retrying (Retry(total=2, connect=None, read=None, redirect=None, status=None)) after connection broken by 'NewConnectionError('<urllib3.connection.HTTPConnection object at 0x0000023A9A1FD750>: Failed to establish a new connection: [WinError 10061] No connection could be made because the target machine actively refused it')': /session/556c62f5dff2f8e5874b2f8fccb738b3/element
2025-07-10 08:45:33,741 [WARNING] Retrying (Retry(total=2, connect=None, read=None, redirect=None, status=None)) after connection broken by 'NewConnectionError('<urllib3.connection.HTTPConnection object at 0x0000023A9A1FDA50>: Failed to establish a new connection: [WinError 10061] No connection could be made because the target machine actively refused it')': /session/afc790952c6e8a6c168237e8aba6d772/element
2025-07-10 08:45:36,419 [WARNING] Retrying (Retry(total=1, connect=None, read=None, redirect=None, status=None)) after connection broken by 'NewConnectionError('<urllib3.connection.HTTPConnection object at 0x0000023A9A1FDD50>: Failed to establish a new connection: [WinError 10061] No connection could be made because the target machine actively refused it')': /session/556c62f5dff2f8e5874b2f8fccb738b3/element
2025-07-10 08:45:37,799 [WARNING] Retrying (Retry(total=1, connect=None, read=None, redirect=None, status=None)) after connection broken by 'NewConnectionError('<urllib3.connection.HTTPConnection object at 0x0000023A9A1FE050>: Failed to establish a new connection: [WinError 10061] No connection could be made because the target machine actively refused it')': /session/afc790952c6e8a6c168237e8aba6d772/element
2025-07-10 08:45:40,483 [WARNING] Retrying (Retry(total=0, connect=None, read=None, redirect=None, status=None)) after connection broken by 'NewConnectionError('<urllib3.connection.HTTPConnection object at 0x0000023A9A1FE350>: Failed to establish a new connection: [WinError 10061] No connection could be made because the target machine actively refused it')': /session/556c62f5dff2f8e5874b2f8fccb738b3/element
2025-07-10 08:45:41,865 [WARNING] Retrying (Retry(total=0, connect=None, read=None, redirect=None, status=None)) after connection broken by 'NewConnectionError('<urllib3.connection.HTTPConnection object at 0x0000023A9A1FE650>: Failed to establish a new connection: [WinError 10061] No connection could be made because the target machine actively refused it')': /session/afc790952c6e8a6c168237e8aba6d772/element
2025-07-10 08:45:48,652 [WARNING] Retrying (Retry(total=2, connect=None, read=None, redirect=None, status=None)) after connection broken by 'NewConnectionError('<urllib3.connection.HTTPConnection object at 0x0000023A9A1FEF50>: Failed to establish a new connection: [WinError 10061] No connection could be made because the target machine actively refused it')': /session/556c62f5dff2f8e5874b2f8fccb738b3/element
2025-07-10 08:45:49,980 [WARNING] Retrying (Retry(total=2, connect=None, read=None, redirect=None, status=None)) after connection broken by 'NewConnectionError('<urllib3.connection.HTTPConnection object at 0x0000023A9A1FF250>: Failed to establish a new connection: [WinError 10061] No connection could be made because the target machine actively refused it')': /session/afc790952c6e8a6c168237e8aba6d772/element
2025-07-10 08:45:52,697 [WARNING] Retrying (Retry(total=1, connect=None, read=None, redirect=None, status=None)) after connection broken by 'NewConnectionError('<urllib3.connection.HTTPConnection object at 0x0000023A9A1FF550>: Failed to establish a new connection: [WinError 10061] No connection could be made because the target machine actively refused it')': /session/556c62f5dff2f8e5874b2f8fccb738b3/element
2025-07-10 08:45:54,045 [WARNING] Retrying (Retry(total=1, connect=None, read=None, redirect=None, status=None)) after connection broken by 'NewConnectionError('<urllib3.connection.HTTPConnection object at 0x0000023A9A1FF850>: Failed to establish a new connection: [WinError 10061] No connection could be made because the target machine actively refused it')': /session/afc790952c6e8a6c168237e8aba6d772/element
2025-07-10 08:45:56,811 [WARNING] Retrying (Retry(total=0, connect=None, read=None, redirect=None, status=None)) after connection broken by 'NewConnectionError('<urllib3.connection.HTTPConnection object at 0x0000023A9804BE50>: Failed to establish a new connection: [WinError 10061] No connection could be made because the target machine actively refused it')': /session/556c62f5dff2f8e5874b2f8fccb738b3/element
2025-07-10 08:45:58,127 [WARNING] Retrying (Retry(total=0, connect=None, read=None, redirect=None, status=None)) after connection broken by 'NewConnectionError('<urllib3.connection.HTTPConnection object at 0x0000023A9804BD50>: Failed to establish a new connection: [WinError 10061] No connection could be made because the target machine actively refused it')': /session/afc790952c6e8a6c168237e8aba6d772/element
2025-07-10 08:46:04,979 [WARNING] Retrying (Retry(total=2, connect=None, read=None, redirect=None, status=None)) after connection broken by 'NewConnectionError('<urllib3.connection.HTTPConnection object at 0x0000023A9804B450>: Failed to establish a new connection: [WinError 10061] No connection could be made because the target machine actively refused it')': /session/556c62f5dff2f8e5874b2f8fccb738b3/url
2025-07-10 08:46:06,297 [WARNING] Retrying (Retry(total=2, connect=None, read=None, redirect=None, status=None)) after connection broken by 'NewConnectionError('<urllib3.connection.HTTPConnection object at 0x0000023A9804B150>: Failed to establish a new connection: [WinError 10061] No connection could be made because the target machine actively refused it')': /session/afc790952c6e8a6c168237e8aba6d772/url
2025-07-10 08:46:09,095 [WARNING] Retrying (Retry(total=1, connect=None, read=None, redirect=None, status=None)) after connection broken by 'NewConnectionError('<urllib3.connection.HTTPConnection object at 0x0000023A9804AE50>: Failed to establish a new connection: [WinError 10061] No connection could be made because the target machine actively refused it')': /session/556c62f5dff2f8e5874b2f8fccb738b3/url
2025-07-10 08:46:10,384 [WARNING] Retrying (Retry(total=1, connect=None, read=None, redirect=None, status=None)) after connection broken by 'NewConnectionError('<urllib3.connection.HTTPConnection object at 0x0000023A9804AB50>: Failed to establish a new connection: [WinError 10061] No connection could be made because the target machine actively refused it')': /session/afc790952c6e8a6c168237e8aba6d772/url
2025-07-10 08:46:13,163 [WARNING] Retrying (Retry(total=0, connect=None, read=None, redirect=None, status=None)) after connection broken by 'NewConnectionError('<urllib3.connection.HTTPConnection object at 0x0000023A9804A850>: Failed to establish a new connection: [WinError 10061] No connection could be made because the target machine actively refused it')': /session/556c62f5dff2f8e5874b2f8fccb738b3/url
2025-07-10 08:46:14,411 [WARNING] Retrying (Retry(total=0, connect=None, read=None, redirect=None, status=None)) after connection broken by 'NewConnectionError('<urllib3.connection.HTTPConnection object at 0x0000023A9804A550>: Failed to establish a new connection: [WinError 10061] No connection could be made because the target machine actively refused it')': /session/afc790952c6e8a6c168237e8aba6d772/url
2025-07-10 10:28:57,452 [INFO] Resuming from zip index 0
2025-07-10 10:28:57,454 [INFO] ====== WebDriver manager ======
2025-07-10 10:28:57,454 [INFO] ====== WebDriver manager ======
2025-07-10 10:28:57,455 [INFO] ====== WebDriver manager ======
2025-07-10 10:28:57,456 [INFO] ====== WebDriver manager ======
2025-07-10 10:28:57,456 [INFO] ====== WebDriver manager ======
2025-07-10 10:28:58,814 [INFO] Get LATEST chromedriver version for google-chrome
2025-07-10 10:28:58,817 [INFO] Get LATEST chromedriver version for google-chrome
2025-07-10 10:28:58,818 [INFO] Get LATEST chromedriver version for google-chrome
2025-07-10 10:28:58,835 [INFO] Get LATEST chromedriver version for google-chrome
2025-07-10 10:28:58,840 [INFO] Get LATEST chromedriver version for google-chrome
2025-07-10 10:28:59,164 [INFO] Get LATEST chromedriver version for google-chrome
2025-07-10 10:28:59,164 [INFO] Get LATEST chromedriver version for google-chrome
2025-07-10 10:28:59,165 [INFO] Get LATEST chromedriver version for google-chrome
2025-07-10 10:28:59,627 [INFO] Driver [C:\Users\cuongdq\.wdm\drivers\chromedriver\win64\137.0.7151.119\chromedriver.exe] found in cache
2025-07-10 10:28:59,627 [INFO] Driver [C:\Users\cuongdq\.wdm\drivers\chromedriver\win64\137.0.7151.119\chromedriver.exe] found in cache
2025-07-10 10:28:59,630 [INFO] Driver [C:\Users\cuongdq\.wdm\drivers\chromedriver\win64\137.0.7151.119\chromedriver.exe] found in cache
2025-07-10 10:29:03,695 [INFO] Get LATEST chromedriver version for google-chrome
2025-07-10 10:29:03,937 [INFO] Driver [C:\Users\cuongdq\.wdm\drivers\chromedriver\win64\137.0.7151.119\chromedriver.exe] found in cache
2025-07-10 10:29:04,285 [INFO] ====== WebDriver manager ======
2025-07-10 10:29:04,286 [INFO] ====== WebDriver manager ======
2025-07-10 10:29:04,345 [INFO] Get LATEST chromedriver version for google-chrome
2025-07-10 10:29:04,498 [INFO] Driver [C:\Users\cuongdq\.wdm\drivers\chromedriver\win64\137.0.7151.119\chromedriver.exe] found in cache
2025-07-10 10:29:05,596 [INFO] Get LATEST chromedriver version for google-chrome
2025-07-10 10:29:05,597 [INFO] Get LATEST chromedriver version for google-chrome
2025-07-10 10:29:06,381 [INFO] Get LATEST chromedriver version for google-chrome
2025-07-10 10:29:06,443 [INFO] Get LATEST chromedriver version for google-chrome
2025-07-10 10:29:06,549 [INFO] Driver [C:\Users\cuongdq\.wdm\drivers\chromedriver\win64\137.0.7151.119\chromedriver.exe] found in cache
2025-07-10 10:29:06,565 [INFO] Driver [C:\Users\cuongdq\.wdm\drivers\chromedriver\win64\137.0.7151.119\chromedriver.exe] found in cache
2025-07-10 10:30:28,430 [INFO] Resuming from zip index 0
2025-07-10 10:30:28,431 [INFO] ====== WebDriver manager ======
2025-07-10 10:30:28,432 [INFO] ====== WebDriver manager ======
2025-07-10 10:30:28,433 [INFO] ====== WebDriver manager ======
2025-07-10 10:30:29,434 [INFO] Get LATEST chromedriver version for google-chrome
2025-07-10 10:30:29,434 [INFO] Get LATEST chromedriver version for google-chrome
2025-07-10 10:30:29,450 [INFO] Get LATEST chromedriver version for google-chrome
2025-07-10 10:30:29,533 [INFO] Get LATEST chromedriver version for google-chrome
2025-07-10 10:30:29,546 [INFO] Get LATEST chromedriver version for google-chrome
2025-07-10 10:30:29,573 [INFO] Get LATEST chromedriver version for google-chrome
2025-07-10 10:30:29,630 [INFO] Driver [C:\Users\cuongdq\.wdm\drivers\chromedriver\win64\137.0.7151.119\chromedriver.exe] found in cache
2025-07-10 10:30:29,644 [INFO] Driver [C:\Users\cuongdq\.wdm\drivers\chromedriver\win64\137.0.7151.119\chromedriver.exe] found in cache
2025-07-10 10:30:29,667 [INFO] Driver [C:\Users\cuongdq\.wdm\drivers\chromedriver\win64\137.0.7151.119\chromedriver.exe] found in cache
2025-07-10 10:30:33,400 [INFO] ====== WebDriver manager ======
2025-07-10 10:30:33,424 [INFO] ====== WebDriver manager ======
2025-07-10 10:30:33,424 [INFO] ====== WebDriver manager ======
2025-07-10 10:30:34,396 [INFO] Get LATEST chromedriver version for google-chrome
2025-07-10 10:30:34,402 [INFO] Get LATEST chromedriver version for google-chrome
2025-07-10 10:30:34,473 [INFO] Get LATEST chromedriver version for google-chrome
2025-07-10 10:30:34,516 [INFO] Get LATEST chromedriver version for google-chrome
2025-07-10 10:30:34,524 [INFO] Get LATEST chromedriver version for google-chrome
2025-07-10 10:30:34,580 [INFO] Get LATEST chromedriver version for google-chrome
2025-07-10 10:30:34,628 [INFO] Driver [C:\Users\cuongdq\.wdm\drivers\chromedriver\win64\137.0.7151.119\chromedriver.exe] found in cache
2025-07-10 10:30:34,652 [INFO] Driver [C:\Users\cuongdq\.wdm\drivers\chromedriver\win64\137.0.7151.119\chromedriver.exe] found in cache
2025-07-10 10:30:34,679 [INFO] Driver [C:\Users\cuongdq\.wdm\drivers\chromedriver\win64\137.0.7151.119\chromedriver.exe] found in cache
2025-07-10 10:31:08,263 [INFO] Resuming from zip index 0
2025-07-10 10:31:08,265 [INFO] ====== WebDriver manager ======
2025-07-10 10:31:08,267 [INFO] ====== WebDriver manager ======
2025-07-10 10:31:08,269 [INFO] ====== WebDriver manager ======
2025-07-10 10:31:11,440 [INFO] Get LATEST chromedriver version for google-chrome
2025-07-10 10:31:11,457 [INFO] Get LATEST chromedriver version for google-chrome
2025-07-10 10:31:11,536 [INFO] Get LATEST chromedriver version for google-chrome
2025-07-10 10:31:11,594 [INFO] Get LATEST chromedriver version for google-chrome
2025-07-10 10:31:11,633 [INFO] Get LATEST chromedriver version for google-chrome
2025-07-10 10:31:11,698 [INFO] Get LATEST chromedriver version for google-chrome
2025-07-10 10:31:11,711 [INFO] There is no [win64] chromedriver "138.0.7204.94" for browser google-chrome "138.0.7204" in cache
2025-07-10 10:31:11,712 [INFO] Get LATEST chromedriver version for google-chrome
2025-07-10 10:31:11,741 [INFO] There is no [win64] chromedriver "138.0.7204.94" for browser google-chrome "138.0.7204" in cache
2025-07-10 10:31:11,742 [INFO] Get LATEST chromedriver version for google-chrome
2025-07-10 10:31:11,818 [INFO] There is no [win64] chromedriver "138.0.7204.94" for browser google-chrome "138.0.7204" in cache
2025-07-10 10:31:11,819 [INFO] Get LATEST chromedriver version for google-chrome
2025-07-10 10:31:12,119 [INFO] WebDriver version 138.0.7204.94 selected
2025-07-10 10:31:12,130 [INFO] Modern chrome version https://storage.googleapis.com/chrome-for-testing-public/138.0.7204.94/win32/chromedriver-win32.zip
2025-07-10 10:31:12,131 [INFO] About to download new driver from https://storage.googleapis.com/chrome-for-testing-public/138.0.7204.94/win32/chromedriver-win32.zip
2025-07-10 10:31:12,195 [INFO] WebDriver version 138.0.7204.94 selected
2025-07-10 10:31:12,204 [INFO] Modern chrome version https://storage.googleapis.com/chrome-for-testing-public/138.0.7204.94/win32/chromedriver-win32.zip
2025-07-10 10:31:12,206 [INFO] About to download new driver from https://storage.googleapis.com/chrome-for-testing-public/138.0.7204.94/win32/chromedriver-win32.zip
2025-07-10 10:31:12,285 [INFO] WebDriver version 138.0.7204.94 selected
2025-07-10 10:31:12,294 [INFO] Modern chrome version https://storage.googleapis.com/chrome-for-testing-public/138.0.7204.94/win32/chromedriver-win32.zip
2025-07-10 10:31:12,295 [INFO] About to download new driver from https://storage.googleapis.com/chrome-for-testing-public/138.0.7204.94/win32/chromedriver-win32.zip
2025-07-10 10:31:12,332 [INFO] Driver downloading response is 200
2025-07-10 10:31:12,376 [INFO] Driver downloading response is 200
2025-07-10 10:31:12,432 [INFO] Driver downloading response is 200
2025-07-10 10:31:18,007 [INFO] Get LATEST chromedriver version for google-chrome
2025-07-10 10:31:18,125 [INFO] Get LATEST chromedriver version for google-chrome
2025-07-10 10:31:18,136 [INFO] Get LATEST chromedriver version for google-chrome
2025-07-10 10:31:19,195 [INFO] ====== WebDriver manager ======
2025-07-10 10:31:20,320 [INFO] Driver has been saved in cache [C:\Users\cuongdq\.wdm\drivers\chromedriver\win64\138.0.7204.94]
2025-07-10 10:31:20,369 [INFO] Driver has been saved in cache [C:\Users\cuongdq\.wdm\drivers\chromedriver\win64\138.0.7204.94]
2025-07-10 10:31:21,935 [INFO] Get LATEST chromedriver version for google-chrome
2025-07-10 10:31:22,406 [INFO] Starting crawl for country: can, zip: K1A 0B1
2025-07-10 10:31:22,434 [INFO] Get LATEST chromedriver version for google-chrome
2025-07-10 10:31:22,544 [INFO] Driver [C:\Users\cuongdq\.wdm\drivers\chromedriver\win64\138.0.7204.94\chromedriver-win32/chromedriver.exe] found in cache
2025-07-10 10:31:24,008 [INFO] Starting crawl for country: can, zip: G1R 5P9
